<?xml version="1.0" encoding="UTF-8"?>
<!-- Generated by org.testng.reporters.JUnitReportReporter -->
<testsuite hostname="DESKTOP-NCS5F9K" failures="0" tests="6" name="com.wellsfargo.pronunciation.test.TestPronounciationAsAdmin" time="64.142" errors="0" timestamp="16 May 2022 10:51:14 GMT" skipped="0">
  <testcase classname="com.wellsfargo.pronunciation.test.TestPronounciationAsAdmin" name="testLoginAsAdmin" time="8.436"/>
  <testcase classname="com.wellsfargo.pronunciation.test.TestPronounciationAsAdmin" name="testAdminUpload" time="10.854"/>
  <testcase classname="com.wellsfargo.pronunciation.test.TestPronounciationAsAdmin" name="testAdminPage" time="11.916"/>
  <testcase classname="com.wellsfargo.pronunciation.test.TestPronounciationAsAdmin" name="testAdminRecord" time="10.812"/>
  <testcase classname="com.wellsfargo.pronunciation.test.TestPronounciationAsAdmin" name="testAdminLandingPage" time="9.871"/>
  <testcase classname="com.wellsfargo.pronunciation.test.TestPronounciationAsAdmin" name="testAdminPreferences" time="12.253"/>
</testsuite> <!-- com.wellsfargo.pronunciation.test.TestPronounciationAsAdmin -->
