<?xml version="1.0" encoding="UTF-8"?>
<!-- Generated by org.testng.reporters.JUnitReportReporter -->
<testsuite hostname="DESKTOP-NCS5F9K" failures="0" tests="7" name="com.wellsfargo.pronunciation.test.TestPronounciationAsUser" time="74.332" errors="0" timestamp="16 May 2022 10:51:14 GMT" skipped="0">
  <testcase classname="com.wellsfargo.pronunciation.test.TestPronounciationAsUser" name="testUserPreferences" time="10.782"/>
  <testcase classname="com.wellsfargo.pronunciation.test.TestPronounciationAsUser" name="testUserLandingPage" time="8.365"/>
  <testcase classname="com.wellsfargo.pronunciation.test.TestPronounciationAsUser" name="testUserPage" time="10.944"/>
  <testcase classname="com.wellsfargo.pronunciation.test.TestPronounciationAsUser" name="testUserPreferencesButton" time="13.015"/>
  <testcase classname="com.wellsfargo.pronunciation.test.TestPronounciationAsUser" name="testLoginAsUser" time="9.207"/>
  <testcase classname="com.wellsfargo.pronunciation.test.TestPronounciationAsUser" name="testUserPreferencesUpload" time="11.024"/>
  <testcase classname="com.wellsfargo.pronunciation.test.TestPronounciationAsUser" name="testUserPreferencesRecord" time="10.995"/>
</testsuite> <!-- com.wellsfargo.pronunciation.test.TestPronounciationAsUser -->
