<?xml version="1.0" encoding="UTF-8"?>
<!-- Generated by org.testng.reporters.JUnitReportReporter -->
<testsuite hostname="DESKTOP-NCS5F9K" failures="0" tests="1" name="com.wellsfargo.pronunciation.test.TestLogin" time="10.640" errors="0" timestamp="15 May 2022 16:17:54 GMT" skipped="0">
  <testcase classname="com.wellsfargo.pronunciation.test.TestLogin" name="testLoginAsAdmin" time="10.640"/>
</testsuite> <!-- com.wellsfargo.pronunciation.test.TestLogin -->
