<?xml version="1.0" encoding="UTF-8"?>
<!-- Generated by org.testng.reporters.JUnitReportReporter -->
<testsuite hostname="DESKTOP-NCS5F9K" failures="0" tests="2" name="com.wellsfargo.pronunciation.test.TestPronounciationAsExistingUser" time="17.173" errors="0" timestamp="16 May 2022 09:39:27 GMT" skipped="0">
  <testcase classname="com.wellsfargo.pronunciation.test.TestPronounciationAsExistingUser" name="testExistingUserLandingPage" time="8.406"/>
  <testcase classname="com.wellsfargo.pronunciation.test.TestPronounciationAsExistingUser" name="testLoginAsExistingUser" time="8.767"/>
</testsuite> <!-- com.wellsfargo.pronunciation.test.TestPronounciationAsExistingUser -->
